app/build/outputs/mapping/debug/mapping.txt
# compiler: R8
# compiler_version: 1.5.64
# min_api: 19
# pg_map_id: f233d1b
com.example.myapplication.adapter.RecipeAdapter -> c.b.a.a.a:
    java.lang.String tag -> f
    com.example.myapplication.adapter.RecipeAdapter$LaunchCallback launchCallback -> e
    java.util.ArrayList list -> c
    android.content.Context context -> d
    40:44:void <init>(android.content.Context,java.util.ArrayList,com.example.myapplication.adapter.RecipeAdapter$LaunchCallback) -> <init>
    33:33:java.lang.String access$000(com.example.myapplication.adapter.RecipeAdapter) -> a
    66:66:int getItemCount() -> a
    33:33:java.util.ArrayList access$100(com.example.myapplication.adapter.RecipeAdapter) -> b
    50:52:androidx.recyclerview.widget.RecyclerView$ViewHolder onCreateViewHolder(android.view.ViewGroup,int) -> b
    58:62:void onBindViewHolder(androidx.recyclerview.widget.RecyclerView$ViewHolder,int) -> b
    33:33:android.content.Context access$200(com.example.myapplication.adapter.RecipeAdapter) -> c
    33:33:com.example.myapplication.adapter.RecipeAdapter$LaunchCallback access$300(com.example.myapplication.adapter.RecipeAdapter) -> d
com.example.myapplication.adapter.RecipeAdapter$LaunchCallback -> c.b.a.a.a$a:
    void onLaunchActivity(de.hdodenhof.circleimageview.CircleImageView,com.example.myapplication.model.RecipeModel) -> a
com.example.myapplication.adapter.RecipeAdapter$RecipeViewHolder -> c.b.a.a.a$b:
    com.example.myapplication.adapter.RecipeAdapter this$0 -> w
    com.bumptech.glide.request.RequestListener requestListener -> v
    androidx.appcompat.widget.AppCompatTextView nameRecipe -> u
    de.hdodenhof.circleimageview.CircleImageView imageRecipe -> t
    93:99:void <init>(com.example.myapplication.adapter.RecipeAdapter,android.view.View) -> <init>
    102:121:void bind() -> B
    73:73:de.hdodenhof.circleimageview.CircleImageView access$400(com.example.myapplication.adapter.RecipeAdapter$RecipeViewHolder) -> a
com.example.myapplication.adapter.RecipeAdapter$RecipeViewHolder$1 -> c.b.a.a.a$b$a:
    com.example.myapplication.adapter.RecipeAdapter$RecipeViewHolder this$1 -> a
    77:77:void <init>(com.example.myapplication.adapter.RecipeAdapter$RecipeViewHolder) -> <init>
    77:77:boolean onResourceReady(java.lang.Object,java.lang.Object,com.bumptech.glide.request.target.Target,com.bumptech.glide.load.DataSource,boolean) -> a
    81:83:boolean onLoadFailed(com.bumptech.glide.load.engine.GlideException,java.lang.Object,com.bumptech.glide.request.target.Target,boolean) -> a
    89:89:boolean onResourceReady(android.graphics.Bitmap,java.lang.Object,com.bumptech.glide.request.target.Target,com.bumptech.glide.load.DataSource,boolean) -> a
com.example.myapplication.adapter.RecipeAdapter$RecipeViewHolder$2 -> c.b.a.a.a$b$b:
    com.example.myapplication.adapter.RecipeAdapter$RecipeViewHolder this$1 -> b
    108:108:void <init>(com.example.myapplication.adapter.RecipeAdapter$RecipeViewHolder) -> <init>
    111:116:void onClick(android.view.View) -> onClick
com.example.myapplication.adapter.RecipeAdapter$RecipeViewHolder$loadBitmapFromUrl -> c.b.a.a.a$b$c:
    com.example.myapplication.adapter.RecipeAdapter$RecipeViewHolder this$1 -> b
    java.lang.String rec_img -> a
    127:129:void <init>(com.example.myapplication.adapter.RecipeAdapter$RecipeViewHolder,java.lang.String) -> <init>
    134:140:android.graphics.Bitmap doInBackground(java.lang.Void[]) -> a
    145:175:void onPostExecute(android.graphics.Bitmap) -> a
    123:123:java.lang.Object doInBackground(java.lang.Object[]) -> doInBackground
    123:123:void onPostExecute(java.lang.Object) -> onPostExecute
com.example.myapplication.adapter.RecipeAdapter$RecipeViewHolder$loadBitmapFromUrl$1 -> c.b.a.a.a$b$c$a:
    com.example.myapplication.adapter.RecipeAdapter$RecipeViewHolder$loadBitmapFromUrl this$2 -> a
    150:150:void <init>(com.example.myapplication.adapter.RecipeAdapter$RecipeViewHolder$loadBitmapFromUrl) -> <init>
    155:168:void onGenerated(androidx.palette.graphics.Palette) -> a
...
com.bumptech.glide.request.RequestListener -> c.a.a.s.e:
com.bumptech.glide.request.RequestOptions -> c.a.a.s.f:
    26:26:void <init>() -> <init>
    63:63:com.bumptech.glide.request.RequestOptions diskCacheStrategyOf(com.bumptech.glide.load.engine.DiskCacheStrategy) -> b
    161:161:com.bumptech.glide.request.RequestOptions signatureOf(com.bumptech.glide.load.Key) -> b
    264:264:com.bumptech.glide.request.RequestOptions decodeTypeOf(java.lang.Class) -> b
com.bumptech.glide.request.ResourceCallback -> c.a.a.s.g:
com.bumptech.glide.request.SingleRequest -> c.a.a.s.h:
    int overrideWidth -> l
    com.bumptech.glide.Priority priority -> n
    java.util.List requestListeners -> p
    com.bumptech.glide.GlideContext glideContext -> h
    java.lang.RuntimeException requestOrigin -> C
    com.bumptech.glide.request.RequestListener targetListener -> e
    android.content.Context context -> g
    int width -> A
    com.bumptech.glide.request.transition.TransitionFactory animationFactory -> r
    com.bumptech.glide.load.engine.Engine engine -> q
    android.graphics.drawable.Drawable errorDrawable -> x
    android.graphics.drawable.Drawable fallbackDrawable -> z
    boolean IS_VERBOSE_LOGGABLE -> E
    java.util.concurrent.Executor callbackExecutor -> s
    java.lang.String tag -> c
    boolean isCallingCallbacks -> b
    java.lang.Object model -> i
    int overrideHeight -> m
    java.lang.Class transcodeClass -> j
    androidx.core.util.Pools$Pool POOL -> D
    int height -> B
    com.bumptech.glide.util.pool.StateVerifier stateVerifier -> d
    com.bumptech.glide.load.engine.Engine$LoadStatus loadStatus -> u
    com.bumptech.glide.request.target.Target target -> o
    long startTime -> v
    com.bumptech.glide.request.RequestCoordinator requestCoordinator -> f
    com.bumptech.glide.request.BaseRequestOptions requestOptions -> k
    android.graphics.drawable.Drawable placeholderDrawable -> y
    com.bumptech.glide.request.SingleRequest$Status status -> w
com.bumptech.glide.request.SingleRequest$1 -> c.a.a.s.h$a:
    46:46:void <init>() -> <init>
    46:46:java.lang.Object create() -> a
    49:49:com.bumptech.glide.request.SingleRequest create() -> a
com.bumptech.glide.request.SingleRequest$Status -> c.a.a.s.h$b:
    com.bumptech.glide.request.SingleRequest$Status PENDING -> b
    com.bumptech.glide.request.SingleRequest$Status RUNNING -> c
    com.bumptech.glide.request.SingleRequest$Status WAITING_FOR_SIZE -> d
    com.bumptech.glide.request.SingleRequest$Status COMPLETE -> e
    com.bumptech.glide.request.SingleRequest$Status FAILED -> f
    com.bumptech.glide.request.SingleRequest$Status CLEARED -> g
    com.bumptech.glide.request.SingleRequest$Status[] $VALUES -> h
    61:57:void <clinit>() -> <clinit>
    57:57:void <init>(java.lang.String,int) -> <init>
    57:57:com.bumptech.glide.request.SingleRequest$Status valueOf(java.lang.String) -> valueOf
    57:57:com.bumptech.glide.request.SingleRequest$Status[] values() -> values